[2014-10-09 06:12:44] onshutdownserver
[2014-10-09 06:12:44] try_backup_log.sh /home/sundream/develop/git/server/log
[2014-10-09 06:12:44] backup datasaveid.log ==> .datasaveid.log_20141009061244.bak
[2014-10-09 06:12:44] remove datasaveid.log
[2014-10-09 06:12:44] backup debug.log ==> .debug.log_20141009061244.bak
[2014-10-09 06:12:44] remove debug.log
[2014-10-09 06:12:44] backup gamedb.log ==> .gamedb.log_20141009061244.bak
[2014-10-09 06:12:44] remove gamedb.log
[2014-10-09 06:12:44] backup gift.log ==> .gift.log_20141009061244.bak
[2014-10-09 06:12:44] remove gift.log
[2014-10-09 06:12:44] backup gm.log ==> .gm.log_20141009061244.bak
[2014-10-09 06:12:44] remove gm.log
[2014-10-09 06:12:44] backup hotfix.log ==> .hotfix.log_20141009061244.bak
[2014-10-09 06:12:44] remove hotfix.log
[2014-10-09 06:12:44] backup daily_huodong.log ==> .daily_huodong.log_20141009061244.bak
[2014-10-09 06:12:44] remove daily_huodong.log
[2014-10-09 06:12:44] backup keju.log ==> .keju.log_20141009061244.bak
[2014-10-09 06:12:44] remove keju.log
[2014-10-09 06:12:44] backup item.log ==> .item.log_20141009061244.bak
[2014-10-09 06:12:44] remove item.log
[2014-10-09 06:12:44] backup login.log ==> .login.log_20141009061244.bak
[2014-10-09 06:12:44] remove login.log
[2014-10-09 06:12:44] backup mail.log ==> .mail.log_20141009061244.bak
[2014-10-09 06:12:44] remove mail.log
[2014-10-09 06:12:44] backup netmessge.log ==> .netmessge.log_20141009061244.bak
[2014-10-09 06:12:44] remove netmessge.log
[2014-10-09 06:12:44] backup npcmgr.log ==> .npcmgr.log_20141009061244.bak
[2014-10-09 06:12:44] remove npcmgr.log
[2014-10-09 06:12:44] backup gold.log ==> .gold.log_20141009061244.bak
[2014-10-09 06:12:44] remove gold.log
[2014-10-09 06:12:44] backup money.log ==> .money.log_20141009061244.bak
[2014-10-09 06:12:44] remove money.log
[2014-10-09 06:12:44] backup scene.log ==> .scene.log_20141009061244.bak
[2014-10-09 06:12:44] remove scene.log
[2014-10-09 06:12:44] backup scenex.log ==> .scenex.log_20141009061244.bak
[2014-10-09 06:12:44] remove scenex.log
[2014-10-09 06:12:44] backup sknprofile.log ==> .sknprofile.log_20141009061244.bak
[2014-10-09 06:12:44] remove sknprofile.log
[2014-10-09 06:12:44] backup sknserver.log ==> .sknserver.log_20141009061244.bak
[2014-10-09 06:12:44] remove sknserver.log
[2014-10-09 06:12:44] backup startserver.log ==> .startserver.log_20141009061244.bak
[2014-10-09 06:12:44] remove startserver.log
[2014-10-09 06:12:44] backup timectrl.log ==> .timectrl.log_20141009061244.bak
[2014-10-09 06:12:44] remove timectrl.log
[2014-10-09 06:12:44] backup timer.log ==> .timer.log_20141009061244.bak
[2014-10-09 06:12:44] remove timer.log
[2014-10-09 06:12:51] onshutdownserver
[2014-10-09 06:12:51] try_backup_log.sh /home/sundream/develop/git/server/log
[2014-10-14 23:19:51] startserver gs ...
[2014-10-14 23:19:51] onstartserver.sh
[2014-10-14 23:19:51] startserver gs ok
[2014-10-14 23:23:50] startserver gs ...
[2014-10-14 23:23:50] onstartserver.sh
[2014-10-14 23:23:50] startserver gs ok
[2014-10-14 23:26:14] startserver gs ...
[2014-10-14 23:26:14] onstartserver.sh
[2014-10-14 23:26:14] startserver gs ok
[2014-10-14 23:26:19] onshutdownserver
[2014-10-14 23:26:19] try_backup_log.sh /home/sundream/develop/git/server/log
[2014-10-14 23:26:24] startserver gs ...
[2014-10-14 23:26:24] onstartserver.sh
[2014-10-14 23:26:24] startserver gs ok
[2014-10-14 23:32:29] startserver gs ...
[2014-10-14 23:32:29] onstartserver.sh
[2014-10-14 23:32:29] startserver gs ok
[2014-10-14 23:32:33] onshutdownserver
[2014-10-14 23:32:33] try_backup_log.sh /home/sundream/develop/git/server/log
[2014-10-14 23:32:37] startserver gs ...
[2014-10-14 23:32:37] onstartserver.sh
[2014-10-14 23:32:37] startserver gs ok
[2014-10-14 23:33:15] startserver gs ...
[2014-10-14 23:33:15] onstartserver.sh
[2014-10-14 23:33:15] startserver gs ok
[2014-10-14 23:34:20] startserver gs ...
[2014-10-14 23:34:20] onstartserver.sh
[2014-10-14 23:34:20] startserver gs ok
[2014-10-14 23:34:23] onshutdownserver
[2014-10-14 23:34:23] try_backup_log.sh /home/sundream/develop/git/server/log
[2014-10-14 23:34:25] startserver gs ...
[2014-10-14 23:34:25] onstartserver.sh
[2014-10-14 23:34:25] startserver gs ok
[2014-10-14 23:35:21] onshutdownserver
[2014-10-14 23:35:21] try_backup_log.sh /home/sundream/develop/git/server/log
[2014-10-14 23:35:24] startserver gs ...
[2014-10-14 23:35:24] onstartserver.sh
[2014-10-14 23:35:24] startserver gs ok
[2014-10-14 23:36:44] startserver gs ...
[2014-10-14 23:36:44] onstartserver.sh
[2014-10-14 23:36:44] startserver gs ok
[2014-10-14 23:36:51] onshutdownserver
[2014-10-14 23:36:51] try_backup_log.sh /home/sundream/develop/git/server/log
[2014-10-14 23:36:54] startserver gs ...
[2014-10-14 23:36:54] onstartserver.sh
[2014-10-14 23:36:54] startserver gs ok
[2014-10-14 23:39:37] onshutdownserver
[2014-10-14 23:39:37] try_backup_log.sh /home/sundream/develop/git/server/log
[2014-10-14 23:39:52] startserver gs ...
[2014-10-14 23:39:52] onstartserver.sh
[2014-10-14 23:39:52] startserver gs ok
[2014-10-14 23:40:11] startserver gs ...
[2014-10-14 23:40:11] onstartserver.sh
[2014-10-14 23:40:11] startserver gs ok
[2014-10-14 23:40:14] onshutdownserver
[2014-10-14 23:40:14] try_backup_log.sh /home/sundream/develop/git/server/log
[2014-10-14 23:41:31] onshutdownserver
[2014-10-14 23:41:31] try_backup_log.sh /home/sundream/develop/git/server/log
[2014-10-14 23:41:31] startserver gs ...
[2014-10-14 23:41:31] onstartserver.sh
[2014-10-14 23:41:31] startserver gs ok
[2014-10-14 23:43:49] onshutdownserver
[2014-10-14 23:43:49] try_backup_log.sh /home/sundream/develop/git/server/log
[2014-10-14 23:43:49] startserver gs ...
[2014-10-14 23:43:49] onstartserver.sh
[2014-10-14 23:43:49] startserver gs ok
[2014-10-14 23:55:50] onshutdownserver
[2014-10-14 23:55:50] try_backup_log.sh /home/sundream/develop/git/server/log
[2014-10-14 23:55:50] startserver gs ...
[2014-10-14 23:55:51] onstartserver.sh
[2014-10-14 23:55:51] startserver gs ok
[2014-10-14 23:56:42] onshutdownserver
[2014-10-14 23:56:42] try_backup_log.sh /home/sundream/develop/git/server/log
[2014-10-14 23:56:42] startserver gs ...
[2014-10-14 23:56:42] onstartserver.sh
[2014-10-14 23:56:42] startserver gs ok
