[2014-10-20 00:03:43] [INFO] timectrl.init
[2014-10-20 00:05:00] [INFO] onfiveminuteupdate
[2014-10-20 00:10:00] [INFO] onfiveminuteupdate
[2014-10-20 00:10:00] [INFO] ontenminuteupdate
[2014-10-20 00:15:00] [INFO] onfiveminuteupdate
[2014-10-20 00:20:00] [INFO] onfiveminuteupdate
[2014-10-20 00:20:00] [INFO] ontenminuteupdate
[2014-10-20 00:25:00] [INFO] onfiveminuteupdate
[2014-10-20 00:30:00] [INFO] onfiveminuteupdate
[2014-10-20 00:30:00] [INFO] ontenminuteupdate
[2014-10-20 00:30:00] [INFO] onhalfhourupdate
[2014-10-20 00:35:00] [INFO] onfiveminuteupdate
[2014-10-20 00:40:00] [INFO] onfiveminuteupdate
[2014-10-20 00:40:00] [INFO] ontenminuteupdate
[2014-10-20 00:43:16] [INFO] timectrl.init
[2014-10-20 00:45:00] [INFO] onfiveminuteupdate
[2014-10-20 00:48:43] [INFO] timectrl.init
[2014-10-20 00:50:00] [INFO] onfiveminuteupdate
[2014-10-20 00:50:00] [INFO] ontenminuteupdate
[2014-10-20 00:50:48] [INFO] timectrl.init
[2014-10-20 00:51:09] [INFO] timectrl.init
[2014-10-20 00:55:00] [INFO] onfiveminuteupdate
[2014-10-20 01:00:00] [INFO] onfiveminuteupdate
[2014-10-20 01:00:00] [INFO] ontenminuteupdate
[2014-10-20 01:00:00] [INFO] onhalfhourupdate
[2014-10-20 01:00:00] [INFO] onhourupdate
[2014-10-20 01:05:00] [INFO] onfiveminuteupdate
[2014-10-20 01:10:00] [INFO] onfiveminuteupdate
[2014-10-20 01:10:00] [INFO] ontenminuteupdate
[2014-10-20 01:14:00] [INFO] timectrl.init
[2014-10-20 01:14:42] [INFO] timectrl.init
[2014-10-20 01:15:00] [INFO] onfiveminuteupdate
[2014-10-20 01:17:34] [INFO] timectrl.init
[2014-10-20 01:19:48] [INFO] timectrl.init
[2014-10-20 01:20:00] [INFO] onfiveminuteupdate
[2014-10-20 01:20:00] [INFO] ontenminuteupdate
[2014-10-20 01:20:25] [INFO] timectrl.init
[2014-10-20 01:25:00] [INFO] onfiveminuteupdate
