[4182] 19 Oct 16:46:26.989 * Increased maximum number of open files to 10032 (it was originally set to 256).
                _._                                                  
           _.-``__ ''-._                                             
      _.-``    `.  `_.  ''-._           Redis 2.8.13 (00000000/0) 64 bit
  .-`` .-```.  ```\/    _.,_ ''-._                                   
 (    '      ,       .-`  | `,    )     Running in stand alone mode
 |`-._`-...-` __...-.``-._|'` _.-'|     Port: 6800
 |    `-._   `._    /     _.-'    |     PID: 4182
  `-._    `-._  `-./  _.-'    _.-'                                   
 |`-._`-._    `-.__.-'    _.-'_.-'|                                  
 |    `-._`-._        _.-'_.-'    |           http://redis.io        
  `-._    `-._`-.__.-'_.-'    _.-'                                   
 |`-._`-._    `-.__.-'    _.-'_.-'|                                  
 |    `-._`-._        _.-'_.-'    |                                  
  `-._    `-._`-.__.-'_.-'    _.-'                                   
      `-._    `-.__.-'    _.-'                                       
          `-._        _.-'                                           
              `-.__.-'                                               

[4182] 19 Oct 16:46:27.077 # Server started, Redis version 2.8.13
[4182] 19 Oct 16:46:27.077 * The server is now ready to accept connections on port 6800
[422] 19 Oct 19:11:11.409 * Increased maximum number of open files to 10032 (it was originally set to 256).
                _._                                                  
           _.-``__ ''-._                                             
      _.-``    `.  `_.  ''-._           Redis 2.8.13 (00000000/0) 64 bit
  .-`` .-```.  ```\/    _.,_ ''-._                                   
 (    '      ,       .-`  | `,    )     Running in stand alone mode
 |`-._`-...-` __...-.``-._|'` _.-'|     Port: 6800
 |    `-._   `._    /     _.-'    |     PID: 422
  `-._    `-._  `-./  _.-'    _.-'                                   
 |`-._`-._    `-.__.-'    _.-'_.-'|                                  
 |    `-._`-._        _.-'_.-'    |           http://redis.io        
  `-._    `-._`-.__.-'_.-'    _.-'                                   
 |`-._`-._    `-.__.-'    _.-'_.-'|                                  
 |    `-._`-._        _.-'_.-'    |                                  
  `-._    `-._`-.__.-'_.-'    _.-'                                   
      `-._    `-.__.-'    _.-'                                       
          `-._        _.-'                                           
              `-.__.-'                                               

[422] 19 Oct 19:11:11.445 # Server started, Redis version 2.8.13
[422] 19 Oct 19:11:11.445 * The server is now ready to accept connections on port 6800
[3910] 19 Oct 20:19:52.242 # You requested maxclients of 10000 requiring at least 10032 max file descriptors.
[3910] 19 Oct 20:19:52.242 # Redis can't set maximum open files to 10032 because of OS error: Operation not permitted.
[3910] 19 Oct 20:19:52.242 # Current maximum open files is 1024. maxclients has been reduced to 4064 to compensate for low ulimit. If you need higher maxclients increase 'ulimit -n'.
                _._                                                  
           _.-``__ ''-._                                             
      _.-``    `.  `_.  ''-._           Redis 2.8.13 (08f0b19b/1) 64 bit
  .-`` .-```.  ```\/    _.,_ ''-._                                   
 (    '      ,       .-`  | `,    )     Running in stand alone mode
 |`-._`-...-` __...-.``-._|'` _.-'|     Port: 6800
 |    `-._   `._    /     _.-'    |     PID: 3910
  `-._    `-._  `-./  _.-'    _.-'                                   
 |`-._`-._    `-.__.-'    _.-'_.-'|                                  
 |    `-._`-._        _.-'_.-'    |           http://redis.io        
  `-._    `-._`-.__.-'_.-'    _.-'                                   
 |`-._`-._    `-.__.-'    _.-'_.-'|                                  
 |    `-._`-._        _.-'_.-'    |                                  
  `-._    `-._`-.__.-'_.-'    _.-'                                   
      `-._    `-.__.-'    _.-'                                       
          `-._        _.-'                                           
              `-.__.-'                                               

[3910] 19 Oct 20:19:52.248 # Server started, Redis version 2.8.13
[3910] 19 Oct 20:19:52.248 # WARNING overcommit_memory is set to 0! Background save may fail under low memory condition. To fix this issue add 'vm.overcommit_memory = 1' to /etc/sysctl.conf and then reboot or run the command 'sysctl vm.overcommit_memory=1' for this to take effect.
[3910] 19 Oct 20:19:52.248 * The server is now ready to accept connections on port 6800
[3910] 19 Oct 21:34:04.343 * 1 changes in 900 seconds. Saving...
[3910] 19 Oct 21:34:04.385 * Background saving started by pid 5734
[5734] 19 Oct 21:34:04.420 * DB saved on disk
[5734] 19 Oct 21:34:04.420 * RDB: 6 MB of memory used by copy-on-write
[3910] 19 Oct 21:34:04.486 * Background saving terminated with success
[3910] 19 Oct 22:53:53.674 * 1 changes in 900 seconds. Saving...
[3910] 19 Oct 22:53:53.698 * Background saving started by pid 6610
[6610] 19 Oct 22:53:53.718 * DB saved on disk
[6610] 19 Oct 22:53:53.719 * RDB: 6 MB of memory used by copy-on-write
[3910] 19 Oct 22:53:53.799 * Background saving terminated with success
[3910 | signal handler] (1413789882) Received SIGTERM, scheduling shutdown...
[3910] 20 Oct 00:24:42.183 # User requested shutdown...
[3910] 20 Oct 00:24:42.183 * Calling fsync() on the AOF file.
[3910] 20 Oct 00:24:42.183 * Saving the final RDB snapshot before exiting.
[3910] 20 Oct 00:24:42.187 * DB saved on disk
[3910] 20 Oct 00:24:42.187 * Removing the pid file.
[3910] 20 Oct 00:24:42.187 # Redis is now ready to exit, bye bye...
[3001] 20 Oct 00:27:47.341 # You requested maxclients of 10000 requiring at least 10032 max file descriptors.
[3001] 20 Oct 00:27:47.360 # Redis can't set maximum open files to 10032 because of OS error: Operation not permitted.
[3001] 20 Oct 00:27:47.360 # Current maximum open files is 1024. maxclients has been reduced to 4064 to compensate for low ulimit. If you need higher maxclients increase 'ulimit -n'.
                _._                                                  
           _.-``__ ''-._                                             
      _.-``    `.  `_.  ''-._           Redis 2.8.13 (08f0b19b/1) 64 bit
  .-`` .-```.  ```\/    _.,_ ''-._                                   
 (    '      ,       .-`  | `,    )     Running in stand alone mode
 |`-._`-...-` __...-.``-._|'` _.-'|     Port: 6800
 |    `-._   `._    /     _.-'    |     PID: 3001
  `-._    `-._  `-./  _.-'    _.-'                                   
 |`-._`-._    `-.__.-'    _.-'_.-'|                                  
 |    `-._`-._        _.-'_.-'    |           http://redis.io        
  `-._    `-._`-.__.-'_.-'    _.-'                                   
 |`-._`-._    `-.__.-'    _.-'_.-'|                                  
 |    `-._`-._        _.-'_.-'    |                                  
  `-._    `-._`-.__.-'_.-'    _.-'                                   
      `-._    `-.__.-'    _.-'                                       
          `-._        _.-'                                           
              `-.__.-'                                               

[3001] 20 Oct 00:27:47.362 # Server started, Redis version 2.8.13
[3001] 20 Oct 00:27:47.362 # WARNING overcommit_memory is set to 0! Background save may fail under low memory condition. To fix this issue add 'vm.overcommit_memory = 1' to /etc/sysctl.conf and then reboot or run the command 'sysctl vm.overcommit_memory=1' for this to take effect.
[3001] 20 Oct 00:27:47.364 * DB loaded from append only file: 0.002 seconds
[3001] 20 Oct 00:27:47.364 * The server is now ready to accept connections on port 6800
[3001] 20 Oct 00:42:48.096 * 1 changes in 900 seconds. Saving...
[3001] 20 Oct 00:42:48.098 * Background saving started by pid 3742
[3742] 20 Oct 00:42:48.129 * DB saved on disk
[3742] 20 Oct 00:42:48.129 * RDB: 6 MB of memory used by copy-on-write
[3001] 20 Oct 00:42:48.199 * Background saving terminated with success
